Performing C++ SOURCE FILE Test CMAKE_HAVE_LIBC_PTHREAD failed with the following output:
Change Dir: /workspaces/Flappybird/build/CMakeFiles/CMakeTmp

Run Build Command(s):/usr/bin/make cmTC_7869f/fast && /usr/bin/make -f CMakeFiles/cmTC_7869f.dir/build.make CMakeFiles/cmTC_7869f.dir/build
make[1]: Entering directory '/workspaces/Flappybird/build/CMakeFiles/CMakeTmp'
Building CXX object CMakeFiles/cmTC_7869f.dir/src.cxx.o
/usr/bin/g++    -DCMAKE_HAVE_LIBC_PTHREAD   -o CMakeFiles/cmTC_7869f.dir/src.cxx.o -c /workspaces/Flappybird/build/CMakeFiles/CMakeTmp/src.cxx
Linking CXX executable cmTC_7869f
/usr/bin/cmake -E cmake_link_script CMakeFiles/cmTC_7869f.dir/link.txt --verbose=1
/usr/bin/g++   -DCMAKE_HAVE_LIBC_PTHREAD    CMakeFiles/cmTC_7869f.dir/src.cxx.o  -o cmTC_7869f 
/usr/bin/ld: CMakeFiles/cmTC_7869f.dir/src.cxx.o: in function `main':
src.cxx:(.text+0x46): undefined reference to `pthread_create'
/usr/bin/ld: src.cxx:(.text+0x52): undefined reference to `pthread_detach'
/usr/bin/ld: src.cxx:(.text+0x63): undefined reference to `pthread_join'
collect2: error: ld returned 1 exit status
make[1]: *** [CMakeFiles/cmTC_7869f.dir/build.make:87: cmTC_7869f] Error 1
make[1]: Leaving directory '/workspaces/Flappybird/build/CMakeFiles/CMakeTmp'
make: *** [Makefile:121: cmTC_7869f/fast] Error 2


Source file was:
#include <pthread.h>

void* test_func(void* data)
{
  return data;
}

int main(void)
{
  pthread_t thread;
  pthread_create(&thread, NULL, test_func, NULL);
  pthread_detach(thread);
  pthread_join(thread, NULL);
  pthread_atfork(NULL, NULL, NULL);
  pthread_exit(NULL);

  return 0;
}

Determining if the function pthread_create exists in the pthreads failed with the following output:
Change Dir: /workspaces/Flappybird/build/CMakeFiles/CMakeTmp

Run Build Command(s):/usr/bin/make cmTC_ff95b/fast && /usr/bin/make -f CMakeFiles/cmTC_ff95b.dir/build.make CMakeFiles/cmTC_ff95b.dir/build
make[1]: Entering directory '/workspaces/Flappybird/build/CMakeFiles/CMakeTmp'
Building CXX object CMakeFiles/cmTC_ff95b.dir/CheckFunctionExists.cxx.o
/usr/bin/g++    -DCHECK_FUNCTION_EXISTS=pthread_create   -o CMakeFiles/cmTC_ff95b.dir/CheckFunctionExists.cxx.o -c /workspaces/Flappybird/build/CMakeFiles/CheckLibraryExists/CheckFunctionExists.cxx
Linking CXX executable cmTC_ff95b
/usr/bin/cmake -E cmake_link_script CMakeFiles/cmTC_ff95b.dir/link.txt --verbose=1
/usr/bin/g++   -DCHECK_FUNCTION_EXISTS=pthread_create    CMakeFiles/cmTC_ff95b.dir/CheckFunctionExists.cxx.o  -o cmTC_ff95b  -lpthreads 
/usr/bin/ld: cannot find -lpthreads
collect2: error: ld returned 1 exit status
make[1]: *** [CMakeFiles/cmTC_ff95b.dir/build.make:87: cmTC_ff95b] Error 1
make[1]: Leaving directory '/workspaces/Flappybird/build/CMakeFiles/CMakeTmp'
make: *** [Makefile:121: cmTC_ff95b/fast] Error 2



